Build started 12/10/2014 7:44:01 AM.
     1>Project "D:\Dropbox\EE 167\FinTek\Image Processing\Object Detection\temp01\temp01\temp01.vcxproj" on node 2 (Build target(s)).
     1>ClCompile:
         C:\Program Files (x86)\Microsoft Visual Studio 11.0\VC\bin\x86_amd64\CL.exe /c /IC:\OpenCV2.4.9\opencv\build\include\opencv /IC:\OpenCV2.4.9\opencv\build\include /Zi /nologo /W3 /WX- /sdl /O2 /Oi /GL /D WIN32 /D NDEBUG /D _CONSOLE /D _CRT_SECURE_NO_WARNINGS /D _UNICODE /D UNICODE /Gm- /EHsc /MD /GS /Gy /fp:precise /Zc:wchar_t /Zc:forScope /Yu"stdafx.h" /Fp"x64\Release\temp01.pch" /Fo"x64\Release\\" /Fd"x64\Release\vc110.pdb" /Gd /TP /errorReport:prompt temp01.cpp
         temp01.cpp
     1>temp01.cpp(58): error C2664: 'cv::cvtColor' : cannot convert parameter 1 from 'IplImage *' to 'cv::InputArray'
                 Reason: cannot convert from 'IplImage *' to 'const cv::_InputArray'
                 No constructor could take the source type, or constructor overload resolution was ambiguous
     1>temp01.cpp(59): error C2664: 'cv::cvtColor' : cannot convert parameter 1 from 'IplImage *' to 'cv::InputArray'
                 Reason: cannot convert from 'IplImage *' to 'const cv::_InputArray'
                 No constructor could take the source type, or constructor overload resolution was ambiguous
     1>temp01.cpp(66): error C2664: 'searchForMovement' : cannot convert parameter 2 from 'IplImage *' to 'cv::Mat &'
     1>temp01.cpp(68): error C2665: 'cv::rectangle' : none of the 2 overloads could convert all the argument types
                 C:\OpenCV2.4.9\opencv\build\include\opencv2/core/core.hpp(2594): could be 'void cv::rectangle(cv::Mat &,cv::Point,cv::Point,const cv::Scalar &,int,int,int)'
                 C:\OpenCV2.4.9\opencv\build\include\opencv2/core/core.hpp(2599): or       'void cv::rectangle(cv::Mat &,cv::Rect,const cv::Scalar &,int,int,int)'
                 while trying to match the argument list '(IplImage *, cv::Point_<_Tp>, cv::Point_<_Tp>, cv::Scalar_<_Tp>, int)'
                 with
                 [
                     _Tp=int
                 ]
                 and
                 [
                     _Tp=int
                 ]
                 and
                 [
                     _Tp=double
                 ]
     1>temp01.cpp(69): error C2664: 'cv::imshow' : cannot convert parameter 2 from 'IplImage *' to 'cv::InputArray'
                 Reason: cannot convert from 'IplImage *' to 'const cv::_InputArray'
                 No constructor could take the source type, or constructor overload resolution was ambiguous
     1>Done Building Project "D:\Dropbox\EE 167\FinTek\Image Processing\Object Detection\temp01\temp01\temp01.vcxproj" (Build target(s)) -- FAILED.

Build FAILED.

Time Elapsed 00:00:11.60
