D:\DROPBOX\EE 167\FINTEK\IMAGE PROCESSING\OBJECT DETECTION\TEMP01\TEMP01\X64\RELEASE\TEMP01.PCH
D:\DROPBOX\EE 167\FINTEK\IMAGE PROCESSING\OBJECT DETECTION\TEMP01\TEMP01\X64\RELEASE\STDAFX.OBJ
D:\DROPBOX\EE 167\FINTEK\IMAGE PROCESSING\OBJECT DETECTION\TEMP01\TEMP01\X64\RELEASE\VC110.PDB
D:\DROPBOX\EE 167\FINTEK\IMAGE PROCESSING\OBJECT DETECTION\TEMP01\TEMP01\X64\RELEASE\TEMP01.OBJ
D:\DROPBOX\EE 167\FINTEK\IMAGE PROCESSING\OBJECT DETECTION\TEMP01\X64\RELEASE\TEMP01.EXE
D:\DROPBOX\EE 167\FINTEK\IMAGE PROCESSING\OBJECT DETECTION\TEMP01\X64\RELEASE\TEMP01.PDB
D:\Dropbox\EE 167\FinTek\Image Processing\Object Detection\temp01\temp01\x64\Release\stdafx.obj
D:\Dropbox\EE 167\FinTek\Image Processing\Object Detection\temp01\temp01\x64\Release\temp01.obj
D:\Dropbox\EE 167\FinTek\Image Processing\Object Detection\temp01\temp01\x64\Release\cl.command.1.tlog
D:\Dropbox\EE 167\FinTek\Image Processing\Object Detection\temp01\temp01\x64\Release\CL.read.1.tlog
D:\Dropbox\EE 167\FinTek\Image Processing\Object Detection\temp01\temp01\x64\Release\CL.write.1.tlog
D:\Dropbox\EE 167\FinTek\Image Processing\Object Detection\temp01\temp01\x64\Release\link-cvtres.read.1.tlog
D:\Dropbox\EE 167\FinTek\Image Processing\Object Detection\temp01\temp01\x64\Release\link-cvtres.write.1.tlog
D:\Dropbox\EE 167\FinTek\Image Processing\Object Detection\temp01\temp01\x64\Release\link-rc.read.1.tlog
D:\Dropbox\EE 167\FinTek\Image Processing\Object Detection\temp01\temp01\x64\Release\link-rc.write.1.tlog
D:\Dropbox\EE 167\FinTek\Image Processing\Object Detection\temp01\temp01\x64\Release\link.command.1.tlog
D:\Dropbox\EE 167\FinTek\Image Processing\Object Detection\temp01\temp01\x64\Release\link.read.1.tlog
D:\Dropbox\EE 167\FinTek\Image Processing\Object Detection\temp01\temp01\x64\Release\link.write.1.tlog
D:\Dropbox\EE 167\FinTek\Image Processing\Object Detection\temp01\temp01\x64\Release\temp01.pch
D:\Dropbox\EE 167\FinTek\Image Processing\Object Detection\temp01\temp01\x64\Release\vc110.pdb
D:\Dropbox\EE 167\FinTek\Image Processing\Object Detection\temp01\x64\Release\temp01.pdb
D:\Dropbox\EE 167\FinTek\Image Processing\Object Detection\temp01\x64\Release\temp01.exe
