Build started 12/6/2014 11:38:59 PM.
     1>Project "C:\Users\Kevin\Documents\Visual Studio 2010\Projects\motionTracking\motionTracking\motionTracking.vcxproj" on node 2 (build target(s)).
     1>InitializeBuildStatus:
         Creating "Debug\motionTracking.unsuccessfulbuild" because "AlwaysCreate" was specified.
       ClCompile:
         C:\Program Files (x86)\Microsoft Visual Studio 10.0\VC\bin\CL.exe /c /ZI /nologo /W3 /WX- /Od /Oy- /D WIN32 /D _DEBUG /D _CONSOLE /D _UNICODE /D UNICODE /Gm /EHsc /RTC1 /MDd /GS /fp:precise /Zc:wchar_t /Zc:forScope /Fo"Debug\\" /Fd"Debug\vc100.pdb" /Gd /TP /analyze- /errorReport:prompt motionTracking.cpp
         motionTracking.cpp
       ManifestResourceCompile:
         All outputs are up-to-date.
       Link:
         C:\Program Files (x86)\Microsoft Visual Studio 10.0\VC\bin\link.exe /ERRORREPORT:PROMPT /OUT:"C:\Users\Kevin\Documents\Visual Studio 2010\Projects\motionTracking\Debug\motionTracking.exe" /INCREMENTAL /NOLOGO opencv_core2410d.lib opencv_imgproc2410d.lib opencv_highgui2410d.lib opencv_ml2410d.lib opencv_video2410d.lib opencv_features2d2410d.lib opencv_calib3d2410d.lib kernel32.lib user32.lib gdi32.lib winspool.lib comdlg32.lib advapi32.lib shell32.lib ole32.lib oleaut32.lib uuid.lib odbc32.lib odbccp32.lib /MANIFEST /ManifestFile:"Debug\motionTracking.exe.intermediate.manifest" /MANIFESTUAC:"level='asInvoker' uiAccess='false'" /DEBUG /PDB:"C:\Users\Kevin\Documents\Visual Studio 2010\Projects\motionTracking\Debug\motionTracking.pdb" /SUBSYSTEM:CONSOLE /TLBID:1 /DYNAMICBASE /NXCOMPAT /IMPLIB:"C:\Users\Kevin\Documents\Visual Studio 2010\Projects\motionTracking\Debug\motionTracking.lib" /MACHINE:X86 Debug\motionTracking.exe.embed.manifest.res
         Debug\motionTracking.obj
       Manifest:
         C:\Program Files (x86)\Microsoft SDKs\Windows\v7.0A\bin\mt.exe /nologo /verbose /out:"Debug\motionTracking.exe.embed.manifest" /manifest Debug\motionTracking.exe.intermediate.manifest
         All outputs are up-to-date.
       LinkEmbedManifest:
         All outputs are up-to-date.
         motionTracking.vcxproj -> C:\Users\Kevin\Documents\Visual Studio 2010\Projects\motionTracking\Debug\motionTracking.exe
       FinalizeBuildStatus:
         Deleting file "Debug\motionTracking.unsuccessfulbuild".
         Touching "Debug\motionTracking.lastbuildstate".
     1>Done Building Project "C:\Users\Kevin\Documents\Visual Studio 2010\Projects\motionTracking\motionTracking\motionTracking.vcxproj" (build target(s)).

Build succeeded.

Time Elapsed 00:00:03.73
